<?xml version="1.0" encoding="UTF-8"?>
<!-- Generated by org.testng.reporters.JUnitXMLReporter -->
<testsuite ignored="0" hostname="BGM" failures="1" tests="3" name="Google Test" time="10.348" errors="0" timestamp="2025-10-30T02:10:46 GMT-07:00">
  <testcase classname="tests.GoogleSearchTest" name="verifyGoogleTitle" time="0.022">
    <skipped/>
  </testcase> <!-- verifyGoogleTitle -->
  <testcase classname="tests.GoogleSearchTest" name="verifyGoogleTitle" time="0.007">
    <skipped/>
  </testcase> <!-- verifyGoogleTitle -->
  <testcase classname="tests.GoogleSearchTest" name="verifyGoogleTitle" time="0.052">
    <failure type="java.lang.AssertionError" message="expected [true] but found [false]">
      <![CDATA[java.lang.AssertionError: expected [true] but found [false]
at tests.GoogleSearchTest.verifyGoogleTitle(GoogleSearchTest.java:15)
at java.base/java.util.ArrayList.forEach(ArrayList.java:1511)
... Removed 31 stack frames]]>
    </failure>
  </testcase> <!-- verifyGoogleTitle -->
</testsuite> <!-- Google Test -->
